<?xml version="1.0" encoding="UTF-8"?>
<!-- Generated by org.testng.reporters.JUnitXMLReporter -->
<testsuite ignored="0" hostname="DESKTOP-AEABJVP" failures="1" tests="21" name="Default test" time="75.474" errors="0" timestamp="09 Apr 2023 17:08:10 GMT">
  <testcase classname="webdriver.Test_Function_Selenium" name="TC_01_Register_Empty_Data" time="1.15"/>
  <testcase classname="webdriver.Test_Function_Selenium" name="TC_02_Register_Invalid_Email" time="3.067"/>
  <testcase classname="webdriver.Test_Function_Selenium" name="TC_03_Register_Valid_Information" time="6.333"/>
  <testcase classname="webdriver.Test_Function_Selenium" name="TC_04_Register_Email_Already_Exists" time="3.924"/>
  <testcase classname="webdriver.Test_Function_Selenium" name="TC_05_Register_Password_Less_Than_6_Chars" time="5.466"/>
  <testcase classname="webdriver.Test_Function_Selenium" name="TC_06_Register_Incorrect_Confirm_Password" time="6.068"/>
  <testcase classname="webdriver.Test_Function_Selenium" name="TC_07_Login_Empty_Data" time="0.653"/>
  <testcase classname="webdriver.Test_Function_Selenium" name="TC_08_Login_Invalid_Email" time="0.962"/>
  <testcase classname="webdriver.Test_Function_Selenium" name="TC_09_Login_Email_Unregistered" time="1.552"/>
  <testcase classname="webdriver.Test_Function_Selenium" name="TC_10_Login_Email_Registered_Empty_Password" time="1.735"/>
  <testcase classname="webdriver.Test_Function_Selenium" name="TC_11_Login_Email_Registered_Incorrect_Password" time="1.503"/>
  <testcase classname="webdriver.Test_Function_Selenium" name="TC_12_Login_Email_Registered_Correct_Password" time="1.801"/>
  <testcase classname="webdriver.Test_Function_Selenium" name="TC_13_Wishlist_Empty_Data" time="0.816"/>
  <testcase classname="webdriver.Test_Function_Selenium" name="TC_14_Add_Product_To_Wishlist" time="4.182"/>
  <testcase classname="webdriver.Test_Function_Selenium" name="TC_15_Add_Product_Form_Wishlist_To_Cart" time="2.085"/>
  <testcase classname="webdriver.Test_Function_Selenium" name="TC_16_Remove_Product_From_Wishlist" time="30.671">
    <failure type="org.openqa.selenium.ElementNotInteractableException" message="element not interactable
  (Session info: chrome=111.0.5563.147)
Build info: version: &amp;apos;3.141.59&amp;apos;, revision: &amp;apos;e82be7d358&amp;apos;, time: &amp;apos;2018-11-14T08:25:53&amp;apos;
System info: host: &amp;apos;DESKTOP-AEABJVP&amp;apos;, ip: &amp;apos;192.168.0.104&amp;apos;, os.name: &amp;apos;Windows 10&amp;apos;, os.arch: &amp;apos;amd64&amp;apos;, os.version: &amp;apos;10.0&amp;apos;, java.version: &amp;apos;11.0.14&amp;apos;
Driver info: org.openqa.selenium.chrome.ChromeDriver
Capabilities {acceptInsecureCerts: false, browserName: chrome, browserVersion: 111.0.5563.147, chrome: {chromedriverVersion: 111.0.5563.64 (c710e93d5b63..., userDataDir: C:\Users\HP\AppData\Local\T...}, goog:chromeOptions: {debuggerAddress: localhost:51565}, javascriptEnabled: true, networkConnectionEnabled: false, pageLoadStrategy: normal, platform: WINDOWS, platformName: WINDOWS, proxy: Proxy(), setWindowRect: true, strictFileInteractability: false, timeouts: {implicit: 0, pageLoad: 300000, script: 30000}, unhandledPromptBehavior: dismiss and notify, webauthn:extension:credBlob: true, webauthn:extension:largeBlob: true, webauthn:extension:minPinLength: true, webauthn:extension:prf: true, webauthn:virtualAuthenticators: true}
Session ID: 58f6a977fd17efc4953860c180224b01">
      <![CDATA[org.openqa.selenium.ElementNotInteractableException: element not interactable
  (Session info: chrome=111.0.5563.147)
Build info: version: '3.141.59', revision: 'e82be7d358', time: '2018-11-14T08:25:53'
System info: host: 'DESKTOP-AEABJVP', ip: '192.168.0.104', os.name: 'Windows 10', os.arch: 'amd64', os.version: '10.0', java.version: '11.0.14'
Driver info: org.openqa.selenium.chrome.ChromeDriver
Capabilities {acceptInsecureCerts: false, browserName: chrome, browserVersion: 111.0.5563.147, chrome: {chromedriverVersion: 111.0.5563.64 (c710e93d5b63..., userDataDir: C:\Users\HP\AppData\Local\T...}, goog:chromeOptions: {debuggerAddress: localhost:51565}, javascriptEnabled: true, networkConnectionEnabled: false, pageLoadStrategy: normal, platform: WINDOWS, platformName: WINDOWS, proxy: Proxy(), setWindowRect: true, strictFileInteractability: false, timeouts: {implicit: 0, pageLoad: 300000, script: 30000}, unhandledPromptBehavior: dismiss and notify, webauthn:extension:credBlob: true, webauthn:extension:largeBlob: true, webauthn:extension:minPinLength: true, webauthn:extension:prf: true, webauthn:virtualAuthenticators: true}
Session ID: 58f6a977fd17efc4953860c180224b01
at java.base/jdk.internal.reflect.NativeConstructorAccessorImpl.newInstance0(Native Method)
at java.base/jdk.internal.reflect.NativeConstructorAccessorImpl.newInstance(NativeConstructorAccessorImpl.java:62)
at java.base/jdk.internal.reflect.DelegatingConstructorAccessorImpl.newInstance(DelegatingConstructorAccessorImpl.java:45)
at java.base/java.lang.reflect.Constructor.newInstance(Constructor.java:490)
at org.openqa.selenium.remote.http.W3CHttpResponseCodec.createException(W3CHttpResponseCodec.java:187)
at org.openqa.selenium.remote.http.W3CHttpResponseCodec.decode(W3CHttpResponseCodec.java:122)
at org.openqa.selenium.remote.http.W3CHttpResponseCodec.decode(W3CHttpResponseCodec.java:49)
at org.openqa.selenium.remote.HttpCommandExecutor.execute(HttpCommandExecutor.java:158)
at org.openqa.selenium.remote.service.DriverCommandExecutor.execute(DriverCommandExecutor.java:83)
at org.openqa.selenium.remote.RemoteWebDriver.execute(RemoteWebDriver.java:552)
at org.openqa.selenium.remote.RemoteWebElement.execute(RemoteWebElement.java:285)
at org.openqa.selenium.remote.RemoteWebElement.click(RemoteWebElement.java:84)
at webdriver.Test_Function_Selenium.TC_16_Remove_Product_From_Wishlist(Test_Function_Selenium.java:322)
at java.base/jdk.internal.reflect.NativeMethodAccessorImpl.invoke0(Native Method)
at java.base/jdk.internal.reflect.NativeMethodAccessorImpl.invoke(NativeMethodAccessorImpl.java:62)
at java.base/jdk.internal.reflect.DelegatingMethodAccessorImpl.invoke(DelegatingMethodAccessorImpl.java:43)
at java.base/java.lang.reflect.Method.invoke(Method.java:566)
at org.testng.internal.MethodInvocationHelper.invokeMethod(MethodInvocationHelper.java:124)
at org.testng.internal.Invoker.invokeMethod(Invoker.java:583)
at org.testng.internal.Invoker.invokeTestMethod(Invoker.java:719)
at org.testng.internal.Invoker.invokeTestMethods(Invoker.java:989)
at org.testng.internal.TestMethodWorker.invokeTestMethods(TestMethodWorker.java:125)
at org.testng.internal.TestMethodWorker.run(TestMethodWorker.java:109)
at org.testng.TestRunner.privateRun(TestRunner.java:648)
at org.testng.TestRunner.run(TestRunner.java:505)
at org.testng.SuiteRunner.runTest(SuiteRunner.java:455)
at org.testng.SuiteRunner.runSequentially(SuiteRunner.java:450)
at org.testng.SuiteRunner.privateRun(SuiteRunner.java:415)
at org.testng.SuiteRunner.run(SuiteRunner.java:364)
at org.testng.SuiteRunnerWorker.runSuite(SuiteRunnerWorker.java:52)
at org.testng.SuiteRunnerWorker.run(SuiteRunnerWorker.java:84)
at org.testng.TestNG.runSuitesSequentially(TestNG.java:1208)
at org.testng.TestNG.runSuitesLocally(TestNG.java:1137)
at org.testng.TestNG.runSuites(TestNG.java:1049)
at org.testng.TestNG.run(TestNG.java:1017)
at org.testng.remote.AbstractRemoteTestNG.run(AbstractRemoteTestNG.java:115)
at org.testng.remote.RemoteTestNG.initAndRun(RemoteTestNG.java:251)
at org.testng.remote.RemoteTestNG.main(RemoteTestNG.java:77)
]]>
    </failure>
  </testcase> <!-- TC_16_Remove_Product_From_Wishlist -->
  <testcase classname="webdriver.Test_Function_Selenium" name="TC_17_" time="0.001"/>
  <testcase classname="webdriver.Test_Function_Selenium" name="TC_18_" time="0.002"/>
  <testcase classname="webdriver.Test_Function_Selenium" name="TC_19_" time="0.002"/>
  <testcase classname="webdriver.Test_Function_Selenium" name="TC_20_" time="0.001"/>
  <testcase classname="webdriver.Test_Function_Selenium" name="TC_21_" time="0.001"/>
</testsuite> <!-- Default test -->
