<html>
<head>
<title>TestNG:  Default test</title>
<link href="../testng.css" rel="stylesheet" type="text/css" />
<link href="../my-testng.css" rel="stylesheet" type="text/css" />

<style type="text/css">
.log { display: none;} 
.stack-trace { display: none;} 
</style>
<script type="text/javascript">
<!--
function flip(e) {
  current = e.style.display;
  if (current == 'block') {
    e.style.display = 'none';
    return 0;
  }
  else {
    e.style.display = 'block';
    return 1;
  }
}

function toggleBox(szDivId, elem, msg1, msg2)
{
  var res = -1;  if (document.getElementById) {
    res = flip(document.getElementById(szDivId));
  }
  else if (document.all) {
    // this is the way old msie versions work
    res = flip(document.all[szDivId]);
  }
  if(elem) {
    if(res == 0) elem.innerHTML = msg1; else elem.innerHTML = msg2;
  }

}

function toggleAllBoxes() {
  if (document.getElementsByTagName) {
    d = document.getElementsByTagName('div');
    for (i = 0; i < d.length; i++) {
      if (d[i].className == 'log') {
        flip(d[i]);
      }
    }
  }
}

// -->
</script>

</head>
<body>
<h2 align='center'>Default test</h2><table border='1' align="center">
<tr>
<td>Tests passed/Failed/Skipped:</td><td>20/1/0</td>
</tr><tr>
<td>Started on:</td><td>Sun Apr 09 14:17:09 ICT 2023</td>
</tr>
<tr><td>Total time:</td><td>62 seconds (62047 ms)</td>
</tr><tr>
<td>Included groups:</td><td></td>
</tr><tr>
<td>Excluded groups:</td><td></td>
</tr>
</table><p/>
<small><i>(Hover the method name to see the test class name)</i></small><p/>
<table width='100%' border='1' class='invocation-failed'>
<tr><td colspan='4' align='center'><b>FAILED TESTS</b></td></tr>
<tr><td><b>Test method</b></td>
<td width="30%"><b>Exception</b></td>
<td width="10%"><b>Time (seconds)</b></td>
<td><b>Instance</b></td>
</tr>
<tr>
<td title='webdriver.Test_Function_Selenium.TC_16_Remove_Product_From_Wishlist()'><b>TC_16_Remove_Product_From_Wishlist</b><br>Test class: webdriver.Test_Function_Selenium</td>
<td><div><pre>org.openqa.selenium.ElementNotInteractableException: element not interactable
  (Session info: chrome=111.0.5563.147)
Build info: version: &apos;3.141.59&apos;, revision: &apos;e82be7d358&apos;, time: &apos;2018-11-14T08:25:53&apos;
System info: host: &apos;DESKTOP-AEABJVP&apos;, ip: &apos;192.168.0.104&apos;, os.name: &apos;Windows 10&apos;, os.arch: &apos;amd64&apos;, os.version: &apos;10.0&apos;, java.version: &apos;11.0.14&apos;
Driver info: org.openqa.selenium.chrome.ChromeDriver
Capabilities {acceptInsecureCerts: false, browserName: chrome, browserVersion: 111.0.5563.147, chrome: {chromedriverVersion: 111.0.5563.64 (c710e93d5b63..., userDataDir: C:\Users\HP\AppData\Local\T...}, goog:chromeOptions: {debuggerAddress: localhost:50186}, javascriptEnabled: true, networkConnectionEnabled: false, pageLoadStrategy: normal, platform: WINDOWS, platformName: WINDOWS, proxy: Proxy(), setWindowRect: true, strictFileInteractability: false, timeouts: {implicit: 0, pageLoad: 300000, script: 30000}, unhandledPromptBehavior: dismiss and notify, webauthn:extension:credBlob: true, webauthn:extension:largeBlob: true, webauthn:extension:minPinLength: true, webauthn:extension:prf: true, webauthn:virtualAuthenticators: true}
Session ID: c2cb32357e7260914afafb81303a9d46
	at java.base/jdk.internal.reflect.NativeConstructorAccessorImpl.newInstance0(Native Method)
	at java.base/jdk.internal.reflect.NativeConstructorAccessorImpl.newInstance(NativeConstructorAccessorImpl.java:62)
	at java.base/jdk.internal.reflect.DelegatingConstructorAccessorImpl.newInstance(DelegatingConstructorAccessorImpl.java:45)
	at java.base/java.lang.reflect.Constructor.newInstance(Constructor.java:490)
	at org.openqa.selenium.remote.http.W3CHttpResponseCodec.createException(W3CHttpResponseCodec.java:187)
	at org.openqa.selenium.remote.http.W3CHttpResponseCodec.decode(W3CHttpResponseCodec.java:122)
	at org.openqa.selenium.remote.http.W3CHttpResponseCodec.decode(W3CHttpResponseCodec.java:49)
	at org.openqa.selenium.remote.HttpCommandExecutor.execute(HttpCommandExecutor.java:158)
	at org.openqa.selenium.remote.service.DriverCommandExecutor.execute(DriverCommandExecutor.java:83)
	at org.openqa.selenium.remote.RemoteWebDriver.execute(RemoteWebDriver.java:552)
	at org.openqa.selenium.remote.RemoteWebElement.execute(RemoteWebElement.java:285)
	at org.openqa.selenium.remote.RemoteWebElement.click(RemoteWebElement.java:84)
	at webdriver.Test_Function_Selenium.TC_16_Remove_Product_From_Wishlist(Test_Function_Selenium.java:326)
	at java.base/jdk.internal.reflect.NativeMethodAccessorImpl.invoke0(Native Method)
	at java.base/jdk.internal.reflect.NativeMethodAccessorImpl.invoke(NativeMethodAccessorImpl.java:62)
	at java.base/jdk.internal.reflect.DelegatingMethodAccessorImpl.invoke(DelegatingMethodAccessorImpl.java:43)
	at java.base/java.lang.reflect.Method.invoke(Method.java:566)
	at org.testng.internal.MethodInvocationHelper.invokeMethod(MethodInvocationHelper.java:124)
	at org.testng.internal.Invoker.invokeMethod(Invoker.java:583)
	at org.testng.internal.Invoker.invokeTestMethod(Invoker.java:719)
	at org.testng.internal.Invoker.invokeTestMethods(Invoker.java:989)
	at org.testng.internal.TestMethodWorker.invokeTestMethods(TestMethodWorker.java:125)
	at org.testng.internal.TestMethodWorker.run(TestMethodWorker.java:109)
	at org.testng.TestRunner.privateRun(TestRunner.java:648)
	at org.testng.TestRunner.run(TestRunner.java:505)
	at org.testng.SuiteRunner.runTest(SuiteRunner.java:455)
	at org.testng.SuiteRunner.runSequentially(SuiteRunner.java:450)
	at org.testng.SuiteRunner.privateRun(SuiteRunner.java:415)
	at org.testng.SuiteRunner.run(SuiteRunner.java:364)
	at org.testng.SuiteRunnerWorker.runSuite(SuiteRunnerWorker.java:52)
	at org.testng.SuiteRunnerWorker.run(SuiteRunnerWorker.java:84)
	at org.testng.TestNG.runSuitesSequentially(TestNG.java:1208)
	at org.testng.TestNG.runSuitesLocally(TestNG.java:1137)
	at org.testng.TestNG.runSuites(TestNG.java:1049)
	at org.testng.TestNG.run(TestNG.java:1017)
	at org.testng.remote.AbstractRemoteTestNG.run(AbstractRemoteTestNG.java:115)
	at org.testng.remote.RemoteTestNG.initAndRun(RemoteTestNG.java:251)
	at org.testng.remote.RemoteTestNG.main(RemoteTestNG.java:77)
</pre></div><a href='#' onClick='toggleBox("stack-trace1609742538", this, "Click to show all stack frames", "Click to hide stack frames")'>Click to show all stack frames</a>
<div class='stack-trace' id='stack-trace1609742538'><pre>org.openqa.selenium.ElementNotInteractableException: element not interactable
  (Session info: chrome=111.0.5563.147)
Build info: version: &apos;3.141.59&apos;, revision: &apos;e82be7d358&apos;, time: &apos;2018-11-14T08:25:53&apos;
System info: host: &apos;DESKTOP-AEABJVP&apos;, ip: &apos;192.168.0.104&apos;, os.name: &apos;Windows 10&apos;, os.arch: &apos;amd64&apos;, os.version: &apos;10.0&apos;, java.version: &apos;11.0.14&apos;
Driver info: org.openqa.selenium.chrome.ChromeDriver
Capabilities {acceptInsecureCerts: false, browserName: chrome, browserVersion: 111.0.5563.147, chrome: {chromedriverVersion: 111.0.5563.64 (c710e93d5b63..., userDataDir: C:\Users\HP\AppData\Local\T...}, goog:chromeOptions: {debuggerAddress: localhost:50186}, javascriptEnabled: true, networkConnectionEnabled: false, pageLoadStrategy: normal, platform: WINDOWS, platformName: WINDOWS, proxy: Proxy(), setWindowRect: true, strictFileInteractability: false, timeouts: {implicit: 0, pageLoad: 300000, script: 30000}, unhandledPromptBehavior: dismiss and notify, webauthn:extension:credBlob: true, webauthn:extension:largeBlob: true, webauthn:extension:minPinLength: true, webauthn:extension:prf: true, webauthn:virtualAuthenticators: true}
Session ID: c2cb32357e7260914afafb81303a9d46
	at java.base/jdk.internal.reflect.NativeConstructorAccessorImpl.newInstance0(Native Method)
	at java.base/jdk.internal.reflect.NativeConstructorAccessorImpl.newInstance(NativeConstructorAccessorImpl.java:62)
	at java.base/jdk.internal.reflect.DelegatingConstructorAccessorImpl.newInstance(DelegatingConstructorAccessorImpl.java:45)
	at java.base/java.lang.reflect.Constructor.newInstance(Constructor.java:490)
	at org.openqa.selenium.remote.http.W3CHttpResponseCodec.createException(W3CHttpResponseCodec.java:187)
	at org.openqa.selenium.remote.http.W3CHttpResponseCodec.decode(W3CHttpResponseCodec.java:122)
	at org.openqa.selenium.remote.http.W3CHttpResponseCodec.decode(W3CHttpResponseCodec.java:49)
	at org.openqa.selenium.remote.HttpCommandExecutor.execute(HttpCommandExecutor.java:158)
	at org.openqa.selenium.remote.service.DriverCommandExecutor.execute(DriverCommandExecutor.java:83)
	at org.openqa.selenium.remote.RemoteWebDriver.execute(RemoteWebDriver.java:552)
	at org.openqa.selenium.remote.RemoteWebElement.execute(RemoteWebElement.java:285)
	at org.openqa.selenium.remote.RemoteWebElement.click(RemoteWebElement.java:84)
	at webdriver.Test_Function_Selenium.TC_16_Remove_Product_From_Wishlist(Test_Function_Selenium.java:326)
	at java.base/jdk.internal.reflect.NativeMethodAccessorImpl.invoke0(Native Method)
	at java.base/jdk.internal.reflect.NativeMethodAccessorImpl.invoke(NativeMethodAccessorImpl.java:62)
	at java.base/jdk.internal.reflect.DelegatingMethodAccessorImpl.invoke(DelegatingMethodAccessorImpl.java:43)
	at java.base/java.lang.reflect.Method.invoke(Method.java:566)
	at org.testng.internal.MethodInvocationHelper.invokeMethod(MethodInvocationHelper.java:124)
	at org.testng.internal.Invoker.invokeMethod(Invoker.java:583)
	at org.testng.internal.Invoker.invokeTestMethod(Invoker.java:719)
	at org.testng.internal.Invoker.invokeTestMethods(Invoker.java:989)
	at org.testng.internal.TestMethodWorker.invokeTestMethods(TestMethodWorker.java:125)
	at org.testng.internal.TestMethodWorker.run(TestMethodWorker.java:109)
	at org.testng.TestRunner.privateRun(TestRunner.java:648)
	at org.testng.TestRunner.run(TestRunner.java:505)
	at org.testng.SuiteRunner.runTest(SuiteRunner.java:455)
	at org.testng.SuiteRunner.runSequentially(SuiteRunner.java:450)
	at org.testng.SuiteRunner.privateRun(SuiteRunner.java:415)
	at org.testng.SuiteRunner.run(SuiteRunner.java:364)
	at org.testng.SuiteRunnerWorker.runSuite(SuiteRunnerWorker.java:52)
	at org.testng.SuiteRunnerWorker.run(SuiteRunnerWorker.java:84)
	at org.testng.TestNG.runSuitesSequentially(TestNG.java:1208)
	at org.testng.TestNG.runSuitesLocally(TestNG.java:1137)
	at org.testng.TestNG.runSuites(TestNG.java:1049)
	at org.testng.TestNG.run(TestNG.java:1017)
	at org.testng.remote.AbstractRemoteTestNG.run(AbstractRemoteTestNG.java:115)
	at org.testng.remote.RemoteTestNG.initAndRun(RemoteTestNG.java:251)
	at org.testng.remote.RemoteTestNG.main(RemoteTestNG.java:77)
</pre></div></td>
<td>30</td>
<td>webdriver.Test_Function_Selenium@ba2f4ec</td></tr>
</table><p>
<table width='100%' border='1' class='invocation-passed'>
<tr><td colspan='4' align='center'><b>PASSED TESTS</b></td></tr>
<tr><td><b>Test method</b></td>
<td width="30%"><b>Exception</b></td>
<td width="10%"><b>Time (seconds)</b></td>
<td><b>Instance</b></td>
</tr>
<tr>
<td title='webdriver.Test_Function_Selenium.TC_01_Register_Empty_Data()'><b>TC_01_Register_Empty_Data</b><br>Test class: webdriver.Test_Function_Selenium</td>
<td></td>
<td>1</td>
<td>webdriver.Test_Function_Selenium@ba2f4ec</td></tr>
<tr>
<td title='webdriver.Test_Function_Selenium.TC_02_Register_Invalid_Email()'><b>TC_02_Register_Invalid_Email</b><br>Test class: webdriver.Test_Function_Selenium</td>
<td></td>
<td>1</td>
<td>webdriver.Test_Function_Selenium@ba2f4ec</td></tr>
<tr>
<td title='webdriver.Test_Function_Selenium.TC_03_Register_Valid_Information()'><b>TC_03_Register_Valid_Information</b><br>Test class: webdriver.Test_Function_Selenium</td>
<td></td>
<td>2</td>
<td>webdriver.Test_Function_Selenium@ba2f4ec</td></tr>
<tr>
<td title='webdriver.Test_Function_Selenium.TC_04_Register_Email_Already_Exists()'><b>TC_04_Register_Email_Already_Exists</b><br>Test class: webdriver.Test_Function_Selenium</td>
<td></td>
<td>2</td>
<td>webdriver.Test_Function_Selenium@ba2f4ec</td></tr>
<tr>
<td title='webdriver.Test_Function_Selenium.TC_05_Register_Password_Less_Than_6_Chars()'><b>TC_05_Register_Password_Less_Than_6_Chars</b><br>Test class: webdriver.Test_Function_Selenium</td>
<td></td>
<td>2</td>
<td>webdriver.Test_Function_Selenium@ba2f4ec</td></tr>
<tr>
<td title='webdriver.Test_Function_Selenium.TC_06_Register_Incorrect_Confirm_Password()'><b>TC_06_Register_Incorrect_Confirm_Password</b><br>Test class: webdriver.Test_Function_Selenium</td>
<td></td>
<td>2</td>
<td>webdriver.Test_Function_Selenium@ba2f4ec</td></tr>
<tr>
<td title='webdriver.Test_Function_Selenium.TC_07_Login_Empty_Data()'><b>TC_07_Login_Empty_Data</b><br>Test class: webdriver.Test_Function_Selenium</td>
<td></td>
<td>0</td>
<td>webdriver.Test_Function_Selenium@ba2f4ec</td></tr>
<tr>
<td title='webdriver.Test_Function_Selenium.TC_08_Login_Invalid_Email()'><b>TC_08_Login_Invalid_Email</b><br>Test class: webdriver.Test_Function_Selenium</td>
<td></td>
<td>0</td>
<td>webdriver.Test_Function_Selenium@ba2f4ec</td></tr>
<tr>
<td title='webdriver.Test_Function_Selenium.TC_09_Login_Email_Unregistered()'><b>TC_09_Login_Email_Unregistered</b><br>Test class: webdriver.Test_Function_Selenium</td>
<td></td>
<td>0</td>
<td>webdriver.Test_Function_Selenium@ba2f4ec</td></tr>
<tr>
<td title='webdriver.Test_Function_Selenium.TC_10_Login_Email_Registered_Empty_Password()'><b>TC_10_Login_Email_Registered_Empty_Password</b><br>Test class: webdriver.Test_Function_Selenium</td>
<td></td>
<td>0</td>
<td>webdriver.Test_Function_Selenium@ba2f4ec</td></tr>
<tr>
<td title='webdriver.Test_Function_Selenium.TC_11_Login_Email_Registered_Incorrect_Password()'><b>TC_11_Login_Email_Registered_Incorrect_Password</b><br>Test class: webdriver.Test_Function_Selenium</td>
<td></td>
<td>0</td>
<td>webdriver.Test_Function_Selenium@ba2f4ec</td></tr>
<tr>
<td title='webdriver.Test_Function_Selenium.TC_12_Login_Email_Registered_Correct_Password()'><b>TC_12_Login_Email_Registered_Correct_Password</b><br>Test class: webdriver.Test_Function_Selenium</td>
<td></td>
<td>1</td>
<td>webdriver.Test_Function_Selenium@ba2f4ec</td></tr>
<tr>
<td title='webdriver.Test_Function_Selenium.TC_13_Wishlist_Empty_Data()'><b>TC_13_Wishlist_Empty_Data</b><br>Test class: webdriver.Test_Function_Selenium</td>
<td></td>
<td>0</td>
<td>webdriver.Test_Function_Selenium@ba2f4ec</td></tr>
<tr>
<td title='webdriver.Test_Function_Selenium.TC_14_Add_Product_To_Wishlist()'><b>TC_14_Add_Product_To_Wishlist</b><br>Test class: webdriver.Test_Function_Selenium</td>
<td></td>
<td>5</td>
<td>webdriver.Test_Function_Selenium@ba2f4ec</td></tr>
<tr>
<td title='webdriver.Test_Function_Selenium.TC_15_Add_Product_Form_Wishlist_To_Cart()'><b>TC_15_Add_Product_Form_Wishlist_To_Cart</b><br>Test class: webdriver.Test_Function_Selenium</td>
<td></td>
<td>1</td>
<td>webdriver.Test_Function_Selenium@ba2f4ec</td></tr>
<tr>
<td title='webdriver.Test_Function_Selenium.TC_17_()'><b>TC_17_</b><br>Test class: webdriver.Test_Function_Selenium</td>
<td></td>
<td>0</td>
<td>webdriver.Test_Function_Selenium@ba2f4ec</td></tr>
<tr>
<td title='webdriver.Test_Function_Selenium.TC_18_()'><b>TC_18_</b><br>Test class: webdriver.Test_Function_Selenium</td>
<td></td>
<td>0</td>
<td>webdriver.Test_Function_Selenium@ba2f4ec</td></tr>
<tr>
<td title='webdriver.Test_Function_Selenium.TC_19_()'><b>TC_19_</b><br>Test class: webdriver.Test_Function_Selenium</td>
<td></td>
<td>0</td>
<td>webdriver.Test_Function_Selenium@ba2f4ec</td></tr>
<tr>
<td title='webdriver.Test_Function_Selenium.TC_20_()'><b>TC_20_</b><br>Test class: webdriver.Test_Function_Selenium</td>
<td></td>
<td>0</td>
<td>webdriver.Test_Function_Selenium@ba2f4ec</td></tr>
<tr>
<td title='webdriver.Test_Function_Selenium.TC_21_()'><b>TC_21_</b><br>Test class: webdriver.Test_Function_Selenium</td>
<td></td>
<td>0</td>
<td>webdriver.Test_Function_Selenium@ba2f4ec</td></tr>
</table><p>
</body>
</html>